TN:
SF:src/awsServices.ts
FN:13,(anonymous_0)
FN:36,(anonymous_1)
FN:81,(anonymous_2)
FN:116,(anonymous_3)
FNF:4
FNH:0
FNDA:0,(anonymous_0)
FNDA:0,(anonymous_1)
FNDA:0,(anonymous_2)
FNDA:0,(anonymous_3)
DA:1,0
DA:2,0
DA:3,0
DA:4,0
DA:7,0
DA:16,0
DA:19,0
DA:26,0
DA:27,0
DA:29,0
DA:30,0
DA:33,0
DA:41,0
DA:43,0
DA:54,0
DA:55,0
DA:56,0
DA:58,0
DA:59,0
DA:60,0
DA:62,0
DA:68,0
DA:77,0
DA:88,0
DA:89,0
DA:91,0
DA:101,0
DA:106,0
DA:107,0
DA:108,0
DA:110,0
DA:111,0
DA:117,0
LF:33
LH:0
BRDA:16,0,0,0
BRDA:16,0,1,0
BRDA:29,1,0,0
BRDA:29,1,1,0
BRDA:30,2,0,0
BRDA:30,2,1,0
BRDA:39,3,0,0
BRDA:58,4,0,0
BRDA:58,4,1,0
BRDA:71,5,0,0
BRDA:71,5,1,0
BRDA:72,6,0,0
BRDA:72,6,1,0
BRDA:75,7,0,0
BRDA:75,7,1,0
BRDA:77,8,0,0
BRDA:77,8,1,0
BRDA:111,9,0,0
BRDA:111,9,1,0
BRF:19
BRH:0
end_of_record
TN:
SF:src/csvProcessor.ts
FN:4,(anonymous_0)
FN:5,(anonymous_1)
FN:12,(anonymous_2)
FN:19,(anonymous_3)
FN:21,(anonymous_4)
FN:25,(anonymous_5)
FN:30,(anonymous_6)
FN:50,(anonymous_7)
FN:66,(anonymous_8)
FN:85,(anonymous_9)
FN:86,(anonymous_10)
FN:93,(anonymous_11)
FN:133,(anonymous_12)
FN:146,(anonymous_13)
FNF:14
FNH:14
FNDA:16,(anonymous_0)
FNDA:51,(anonymous_1)
FNDA:48,(anonymous_2)
FNDA:35,(anonymous_3)
FNDA:33,(anonymous_4)
FNDA:48,(anonymous_5)
FNDA:48,(anonymous_6)
FNDA:31,(anonymous_7)
FNDA:15,(anonymous_8)
FNDA:32,(anonymous_9)
FNDA:14,(anonymous_10)
FNDA:31,(anonymous_11)
FNDA:7,(anonymous_12)
FNDA:6,(anonymous_13)
DA:3,2
DA:5,51
DA:7,16
DA:8,1
DA:12,48
DA:13,15
DA:14,0
DA:18,15
DA:19,15
DA:20,35
DA:21,35
DA:25,15
DA:26,48
DA:30,15
DA:31,48
DA:35,15
DA:37,15
DA:48,15
DA:49,14
DA:50,14
DA:51,31
DA:52,31
DA:53,31
DA:56,14
DA:63,15
DA:73,15
DA:74,1
DA:83,14
DA:84,14
DA:85,32
DA:86,14
DA:88,14
DA:89,14
DA:90,14
DA:91,14
DA:93,14
DA:94,31
DA:95,31
DA:97,31
DA:98,30
DA:99,30
DA:100,30
DA:102,30
DA:109,30
DA:110,30
DA:112,30
DA:113,19
DA:116,30
DA:117,21
DA:122,14
DA:124,14
DA:135,7
DA:136,2
DA:140,5
DA:141,5
DA:142,1
DA:147,6
DA:148,1
DA:151,5
DA:152,1
LF:60
LH:59
BRDA:7,0,0,1
BRDA:13,1,0,0
BRDA:21,2,0,35
BRDA:21,2,1,33
BRDA:48,3,0,14
BRDA:52,4,0,31
BRDA:52,4,1,1
BRDA:53,5,0,31
BRDA:53,5,1,30
BRDA:73,6,0,1
BRDA:84,7,0,7
BRDA:84,7,1,7
BRDA:95,8,0,31
BRDA:95,8,1,1
BRDA:97,9,0,30
BRDA:98,10,0,19
BRDA:98,10,1,11
BRDA:98,11,0,19
BRDA:98,11,1,0
BRDA:99,12,0,15
BRDA:99,12,1,15
BRDA:100,13,0,30
BRDA:100,13,1,0
BRDA:112,14,0,19
BRDA:116,15,0,21
BRDA:116,16,0,30
BRDA:116,16,1,18
BRDA:122,17,0,12
BRDA:122,17,1,2
BRDA:135,18,0,2
BRDA:141,19,0,1
BRDA:147,20,0,1
BRDA:151,21,0,1
BRF:33
BRH:30
end_of_record
TN:
SF:src/index.ts
FN:6,(anonymous_0)
FN:113,parseMultipartFormData
FN:147,(anonymous_2)
FNF:3
FNH:3
FNDA:6,(anonymous_0)
FNDA:4,parseMultipartFormData
FNDA:10,(anonymous_2)
DA:2,1
DA:3,1
DA:6,1
DA:7,6
DA:9,6
DA:17,6
DA:18,1
DA:26,5
DA:27,1
DA:34,4
DA:36,4
DA:39,3
DA:40,2
DA:43,2
DA:46,2
DA:49,2
DA:52,2
DA:61,2
DA:73,2
DA:75,2
DA:82,2
DA:84,2
DA:85,2
DA:87,2
DA:88,2
DA:91,2
DA:96,1
DA:100,2
DA:104,2
DA:119,4
DA:121,4
DA:122,1
DA:126,3
DA:127,3
DA:128,0
DA:131,3
DA:132,3
DA:137,3
DA:139,3
DA:140,3
DA:141,3
DA:142,3
DA:144,3
DA:145,11
DA:146,5
DA:147,10
DA:149,5
DA:152,5
DA:153,5
DA:155,5
DA:158,5
DA:159,5
DA:161,5
DA:163,5
DA:165,3
DA:166,3
DA:167,3
DA:168,3
DA:169,3
DA:171,2
DA:172,2
DA:178,3
DA:179,0
DA:182,3
DA:183,0
DA:186,3
DA:187,0
DA:190,3
LF:68
LH:64
BRDA:17,0,0,1
BRDA:26,1,0,1
BRDA:87,2,0,2
BRDA:91,3,0,1
BRDA:91,4,0,2
BRDA:91,4,1,1
BRDA:91,4,2,1
BRDA:91,4,3,1
BRDA:91,4,4,1
BRDA:119,5,0,4
BRDA:119,5,1,0
BRDA:119,5,2,0
BRDA:121,6,0,1
BRDA:127,7,0,0
BRDA:132,8,0,0
BRDA:132,8,1,3
BRDA:133,9,0,0
BRDA:133,9,1,0
BRDA:134,10,0,3
BRDA:134,10,1,0
BRDA:145,11,0,5
BRDA:149,12,0,0
BRDA:153,13,0,0
BRDA:159,14,0,0
BRDA:163,15,0,3
BRDA:163,15,1,2
BRDA:166,16,0,3
BRDA:171,17,0,2
BRDA:178,18,0,0
BRDA:182,19,0,0
BRDA:186,20,0,0
BRDA:186,21,0,3
BRDA:186,21,1,1
BRF:33
BRH:20
end_of_record
